2026-01-24 06:50:02 sync ran
2026-01-24 09:20:00 sync ran
2026-01-24 14:52:27 sync ran
2026-01-24 14:53:55 sync ran
2026-01-24 15:05:36 sync ran
2026-01-24 15:12:49 sync ran
2026-01-24 15:19:15 sync ran
2026-01-24 15:29:51 sync ran
2026-01-24 15:47:17 sync ran
2026-01-24 15:50:37 sync ran
2026-01-24 15:55:38 sync ran
2026-01-24 16:00:59 sync ran
2026-01-24 16:04:56 sync ran
2026-01-24 16:06:20 sync ran
2026-01-24 16:09:05 sync ran
2026-01-24 16:17:53 sync ran
2026-01-24 16:19:46 sync ran
2026-01-24 16:42:52 sync ran
2026-01-24 16:53:48 sync ran
2026-01-24 16:56:00 sync ran
2026-01-24 16:58:16 sync ran
2026-01-24 16:59:34 sync ran
2026-01-24 17:00:34 sync ran
2026-01-24 17:01:51 sync ran
2026-02-06 11:28:20 script started
Processing UUID 9c50cc0e-7d2c-123f-a7b7-02d069b81a19 billsec=101
Processing UUID ec2ef412-7d2b-123f-a7b7-02d069b81a19 billsec=60
Processing UUID b0412f18-7d2b-123f-a7b7-02d069b81a19 billsec=0
Processing UUID woU6PsF7iDKMHxLvEMWfbPzVkwF billsec=52
Processing UUID 1b9cc4f1-7d27-123f-a6b7-02d069b81a19 billsec=33
Processing UUID 15bc8ee2-7d27-123f-a6b7-02d069b81a19 billsec=36
Processing UUID b3a50fb5-7d25-123f-a6b7-02d069b81a19 billsec=50
Processing UUID dPJVaHkfxicap7HevyXcpM5gjLJ billsec=49
Processing UUID 71d64d24-7d1c-123f-a6b7-02d069b81a19 billsec=39
Processing UUID 14d4147b-7d02-123f-a6b7-02d069b81a19 billsec=51
Processing UUID cc7a2870-7cfc-123f-a6b7-02d069b81a19 billsec=101
Processing UUID 1277b079-7cfc-123f-a6b7-02d069b81a19 billsec=89
Processing UUID 2e31ee30-7c92-123f-7a9e-02d069b81a19 billsec=113
Processing UUID 1b7c5ce2-7c91-123f-7a9e-02d069b81a19 billsec=121
Processing UUID 750a55ff-7c60-123f-7a9e-02d069b81a19 billsec=95
Processing UUID 3b8034e5-7c5f-123f-7a9e-02d069b81a19 billsec=140
Processing UUID 6138c2cb-7c5b-123f-7a9e-02d069b81a19 billsec=0
Processing UUID 3e876fd2-7c5b-123f-7a9e-02d069b81a19 billsec=0
Processing UUID 31be3eca-7c5b-123f-7a9e-02d069b81a19 billsec=0
Processing UUID f0ef4985-7c40-123f-799e-02d069b81a19 billsec=114
Processing UUID 2942525c-7c40-123f-799e-02d069b81a19 billsec=31
Processing UUID 6b2b8bc8-7c3f-123f-799e-02d069b81a19 billsec=95
Processing UUID 440f99ff-7c3f-123f-799e-02d069b81a19 billsec=52
Processing UUID 82efa1e8-7c3e-123f-799e-02d069b81a19 billsec=118
Processing UUID 314bd62a-7c3d-123f-799e-02d069b81a19 billsec=100
Processing UUID 6406e143-7c3b-123f-799e-02d069b81a19 billsec=51
Processing UUID 8b36fd34-7c3a-123f-799e-02d069b81a19 billsec=110
Processing UUID 78eadba5-7c36-123f-799e-02d069b81a19 billsec=97
Processing UUID 17d3504b-7c36-123f-799e-02d069b81a19 billsec=120
Processing UUID ad1eea7c-7c34-123f-799e-02d069b81a19 billsec=115
Processing UUID 99a35b94-7c32-123f-799e-02d069b81a19 billsec=117
Processing UUID c4dcb61e-7bcd-123f-f5ab-02d069b81a19 billsec=14
Processing UUID 67f95b23-7bc0-123f-f5ab-02d069b81a19 billsec=76
Processing UUID 668b3fed-7b9e-123f-f5ab-02d069b81a19 billsec=59
Processing UUID 2e34abbc-7b9e-123f-f5ab-02d069b81a19 billsec=11
Processing UUID e126054b-7b9b-123f-f5ab-02d069b81a19 billsec=161
Processing UUID f68461a2-7b9a-123f-f5ab-02d069b81a19 billsec=109
Processing UUID a9bac840-7b9a-123f-f5ab-02d069b81a19 billsec=0
Processing UUID 8c0c252a-7b99-123f-f5ab-02d069b81a19 billsec=35
Processing UUID 115868df-7b99-123f-f5ab-02d069b81a19 billsec=0
Processing UUID 0496731b-7b99-123f-f5ab-02d069b81a19 billsec=0
Processing UUID 001eaee7-7b8c-123f-f5ab-02d069b81a19 billsec=44
Processing UUID 9cc56470-7b82-123f-f5ab-02d069b81a19 billsec=106
Processing UUID 71b0afb3-7b81-123f-f5ab-02d069b81a19 billsec=146
Processing UUID 4be2eecd-7b78-123f-f5ab-02d069b81a19 billsec=41
Processing UUID f5888ce0-7b6c-123f-f5ab-02d069b81a19 billsec=22
Processing UUID 3a08a2cf-7b6c-123f-f5ab-02d069b81a19 billsec=59
Processing UUID edfa9c7d-7b66-123f-f5ab-02d069b81a19 billsec=29
Processing UUID c870958e-7af2-123f-87a4-02d069b81a19 billsec=47
Processing UUID 6bdaa084-7af2-123f-87a4-02d069b81a19 billsec=22
2026-02-06 11:35:30 script started
2026-02-06 11:36:08 script started
2026-02-06 11:37:27 script started
FETCH RESPONSE:

2026-02-06 11:38:30 script started
FETCH RESPONSE:

2026-02-06 11:42:50 sync started
RAW CDR RESPONSE:


2026-02-06 11:49:36 sync started
2026-02-06 11:55:11 sync started
2026-02-06 11:57:47 sync started
2026-02-06 11:59:18 sync started
2026-02-06 12:00:57 sync started
2026-02-06 12:03:21 sync started
2026-02-06 12:05:02 sync started
CURL ERROR: error setting certificate file: C:/wamp64/bin/php/cacert.pem
CURL ERROR: error setting certificate file: C:/wamp64/bin/php/cacert.pem
2026-02-06 12:06:23 sync started
CURL ERROR: error setting certificate file: C:/wamp64/bin/php/cacert.pem
CURL ERROR: error setting certificate file: C:/wamp64/bin/php/cacert.pem
2026-02-06 12:08:47 sync started
CURL ERROR: error setting certificate file: C:/wamp64/bin/php/cacert.pem
CURL ERROR: error setting certificate file: C:/wamp64/bin/php/cacert.pem
2026-02-06 12:10:25 sync started
CURL FAIL [0]: error setting certificate file: C:/wamp64/bin/php/cacert.pem
URL: https://api.vobiz.ai/api/v1/Account/MA_HBHNNLV7/Recording/?recording_type=trunk
CURL FAIL [0]: error setting certificate file: C:/wamp64/bin/php/cacert.pem
URL: https://api.vobiz.ai/api/v1/account/MA_HBHNNLV7/cdr?page=1&per_page=50
2026-02-06 12:19:22 sync started
Synced UUID 9c50cc0e-7d2c-123f-a7b7-02d069b81a19
Synced UUID ec2ef412-7d2b-123f-a7b7-02d069b81a19
Synced UUID b0412f18-7d2b-123f-a7b7-02d069b81a19
Synced UUID woU6PsF7iDKMHxLvEMWfbPzVkwF
Synced UUID 1b9cc4f1-7d27-123f-a6b7-02d069b81a19
Synced UUID 15bc8ee2-7d27-123f-a6b7-02d069b81a19
Synced UUID b3a50fb5-7d25-123f-a6b7-02d069b81a19
Synced UUID dPJVaHkfxicap7HevyXcpM5gjLJ
Synced UUID 71d64d24-7d1c-123f-a6b7-02d069b81a19
Synced UUID 14d4147b-7d02-123f-a6b7-02d069b81a19
Synced UUID cc7a2870-7cfc-123f-a6b7-02d069b81a19
Synced UUID 1277b079-7cfc-123f-a6b7-02d069b81a19
Synced UUID 2e31ee30-7c92-123f-7a9e-02d069b81a19
Synced UUID 1b7c5ce2-7c91-123f-7a9e-02d069b81a19
Synced UUID 750a55ff-7c60-123f-7a9e-02d069b81a19
Synced UUID 3b8034e5-7c5f-123f-7a9e-02d069b81a19
Synced UUID 6138c2cb-7c5b-123f-7a9e-02d069b81a19
Synced UUID 3e876fd2-7c5b-123f-7a9e-02d069b81a19
Synced UUID 31be3eca-7c5b-123f-7a9e-02d069b81a19
Synced UUID f0ef4985-7c40-123f-799e-02d069b81a19
Synced UUID 2942525c-7c40-123f-799e-02d069b81a19
Synced UUID 6b2b8bc8-7c3f-123f-799e-02d069b81a19
Synced UUID 440f99ff-7c3f-123f-799e-02d069b81a19
Synced UUID 82efa1e8-7c3e-123f-799e-02d069b81a19
Synced UUID 314bd62a-7c3d-123f-799e-02d069b81a19
Synced UUID 6406e143-7c3b-123f-799e-02d069b81a19
Synced UUID 8b36fd34-7c3a-123f-799e-02d069b81a19
Synced UUID 78eadba5-7c36-123f-799e-02d069b81a19
Synced UUID 17d3504b-7c36-123f-799e-02d069b81a19
Synced UUID ad1eea7c-7c34-123f-799e-02d069b81a19
Synced UUID 99a35b94-7c32-123f-799e-02d069b81a19
Synced UUID c4dcb61e-7bcd-123f-f5ab-02d069b81a19
Synced UUID 67f95b23-7bc0-123f-f5ab-02d069b81a19
Synced UUID 668b3fed-7b9e-123f-f5ab-02d069b81a19
Synced UUID 2e34abbc-7b9e-123f-f5ab-02d069b81a19
Synced UUID e126054b-7b9b-123f-f5ab-02d069b81a19
Synced UUID f68461a2-7b9a-123f-f5ab-02d069b81a19
Synced UUID a9bac840-7b9a-123f-f5ab-02d069b81a19
Synced UUID 8c0c252a-7b99-123f-f5ab-02d069b81a19
Synced UUID 115868df-7b99-123f-f5ab-02d069b81a19
Synced UUID 0496731b-7b99-123f-f5ab-02d069b81a19
Synced UUID 001eaee7-7b8c-123f-f5ab-02d069b81a19
Synced UUID 9cc56470-7b82-123f-f5ab-02d069b81a19
Synced UUID 71b0afb3-7b81-123f-f5ab-02d069b81a19
Synced UUID 4be2eecd-7b78-123f-f5ab-02d069b81a19
Synced UUID f5888ce0-7b6c-123f-f5ab-02d069b81a19
Synced UUID 3a08a2cf-7b6c-123f-f5ab-02d069b81a19
Synced UUID edfa9c7d-7b66-123f-f5ab-02d069b81a19
Synced UUID c870958e-7af2-123f-87a4-02d069b81a19
Synced UUID 6bdaa084-7af2-123f-87a4-02d069b81a19
2026-02-06 12:25:44 sync started
Synced UUID 9c50cc0e-7d2c-123f-a7b7-02d069b81a19
Synced UUID ec2ef412-7d2b-123f-a7b7-02d069b81a19
Synced UUID b0412f18-7d2b-123f-a7b7-02d069b81a19
Synced UUID woU6PsF7iDKMHxLvEMWfbPzVkwF
Synced UUID 1b9cc4f1-7d27-123f-a6b7-02d069b81a19
Synced UUID 15bc8ee2-7d27-123f-a6b7-02d069b81a19
Synced UUID b3a50fb5-7d25-123f-a6b7-02d069b81a19
Synced UUID dPJVaHkfxicap7HevyXcpM5gjLJ
Synced UUID 71d64d24-7d1c-123f-a6b7-02d069b81a19
Synced UUID 14d4147b-7d02-123f-a6b7-02d069b81a19
Synced UUID cc7a2870-7cfc-123f-a6b7-02d069b81a19
Synced UUID 1277b079-7cfc-123f-a6b7-02d069b81a19
Synced UUID 2e31ee30-7c92-123f-7a9e-02d069b81a19
Synced UUID 1b7c5ce2-7c91-123f-7a9e-02d069b81a19
Synced UUID 750a55ff-7c60-123f-7a9e-02d069b81a19
Synced UUID 3b8034e5-7c5f-123f-7a9e-02d069b81a19
Synced UUID 6138c2cb-7c5b-123f-7a9e-02d069b81a19
Synced UUID 3e876fd2-7c5b-123f-7a9e-02d069b81a19
Synced UUID 31be3eca-7c5b-123f-7a9e-02d069b81a19
Synced UUID f0ef4985-7c40-123f-799e-02d069b81a19
Synced UUID 2942525c-7c40-123f-799e-02d069b81a19
Synced UUID 6b2b8bc8-7c3f-123f-799e-02d069b81a19
Synced UUID 440f99ff-7c3f-123f-799e-02d069b81a19
Synced UUID 82efa1e8-7c3e-123f-799e-02d069b81a19
Synced UUID 314bd62a-7c3d-123f-799e-02d069b81a19
Synced UUID 6406e143-7c3b-123f-799e-02d069b81a19
Synced UUID 8b36fd34-7c3a-123f-799e-02d069b81a19
Synced UUID 78eadba5-7c36-123f-799e-02d069b81a19
Synced UUID 17d3504b-7c36-123f-799e-02d069b81a19
Synced UUID ad1eea7c-7c34-123f-799e-02d069b81a19
Synced UUID 99a35b94-7c32-123f-799e-02d069b81a19
Synced UUID c4dcb61e-7bcd-123f-f5ab-02d069b81a19
Synced UUID 67f95b23-7bc0-123f-f5ab-02d069b81a19
Synced UUID 668b3fed-7b9e-123f-f5ab-02d069b81a19
Synced UUID 2e34abbc-7b9e-123f-f5ab-02d069b81a19
Synced UUID e126054b-7b9b-123f-f5ab-02d069b81a19
Synced UUID f68461a2-7b9a-123f-f5ab-02d069b81a19
Synced UUID a9bac840-7b9a-123f-f5ab-02d069b81a19
Synced UUID 8c0c252a-7b99-123f-f5ab-02d069b81a19
Synced UUID 115868df-7b99-123f-f5ab-02d069b81a19
Synced UUID 0496731b-7b99-123f-f5ab-02d069b81a19
Synced UUID 001eaee7-7b8c-123f-f5ab-02d069b81a19
Synced UUID 9cc56470-7b82-123f-f5ab-02d069b81a19
Synced UUID 71b0afb3-7b81-123f-f5ab-02d069b81a19
Synced UUID 4be2eecd-7b78-123f-f5ab-02d069b81a19
Synced UUID f5888ce0-7b6c-123f-f5ab-02d069b81a19
Synced UUID 3a08a2cf-7b6c-123f-f5ab-02d069b81a19
Synced UUID edfa9c7d-7b66-123f-f5ab-02d069b81a19
Synced UUID c870958e-7af2-123f-87a4-02d069b81a19
Synced UUID 6bdaa084-7af2-123f-87a4-02d069b81a19
2026-02-06 12:58:29 sync started
Recording FAILED 9c50cc0e-7d2c-123f-a7b7-02d069b81a19 : SSL certificate problem: unable to get local issuer certificate
Synced UUID 9c50cc0e-7d2c-123f-a7b7-02d069b81a19
Recording FAILED ec2ef412-7d2b-123f-a7b7-02d069b81a19 : SSL certificate problem: unable to get local issuer certificate
Synced UUID ec2ef412-7d2b-123f-a7b7-02d069b81a19
Synced UUID woU6PsF7iDKMHxLvEMWfbPzVkwF
Recording FAILED 1b9cc4f1-7d27-123f-a6b7-02d069b81a19 : SSL certificate problem: unable to get local issuer certificate
Synced UUID 1b9cc4f1-7d27-123f-a6b7-02d069b81a19
Recording FAILED 15bc8ee2-7d27-123f-a6b7-02d069b81a19 : SSL certificate problem: unable to get local issuer certificate
Synced UUID 15bc8ee2-7d27-123f-a6b7-02d069b81a19
Recording FAILED b3a50fb5-7d25-123f-a6b7-02d069b81a19 : SSL certificate problem: unable to get local issuer certificate
Synced UUID b3a50fb5-7d25-123f-a6b7-02d069b81a19
Synced UUID dPJVaHkfxicap7HevyXcpM5gjLJ
Recording FAILED 71d64d24-7d1c-123f-a6b7-02d069b81a19 : SSL certificate problem: unable to get local issuer certificate
Synced UUID 71d64d24-7d1c-123f-a6b7-02d069b81a19
Recording FAILED 14d4147b-7d02-123f-a6b7-02d069b81a19 : SSL certificate problem: unable to get local issuer certificate
Synced UUID 14d4147b-7d02-123f-a6b7-02d069b81a19
Recording FAILED cc7a2870-7cfc-123f-a6b7-02d069b81a19 : SSL certificate problem: unable to get local issuer certificate
Synced UUID cc7a2870-7cfc-123f-a6b7-02d069b81a19
Recording FAILED 1277b079-7cfc-123f-a6b7-02d069b81a19 : SSL certificate problem: unable to get local issuer certificate
Synced UUID 1277b079-7cfc-123f-a6b7-02d069b81a19
Recording FAILED 2e31ee30-7c92-123f-7a9e-02d069b81a19 : SSL certificate problem: unable to get local issuer certificate
Synced UUID 2e31ee30-7c92-123f-7a9e-02d069b81a19
Recording FAILED 1b7c5ce2-7c91-123f-7a9e-02d069b81a19 : SSL certificate problem: unable to get local issuer certificate
Synced UUID 1b7c5ce2-7c91-123f-7a9e-02d069b81a19
Recording FAILED 750a55ff-7c60-123f-7a9e-02d069b81a19 : SSL certificate problem: unable to get local issuer certificate
Synced UUID 750a55ff-7c60-123f-7a9e-02d069b81a19
Recording FAILED 3b8034e5-7c5f-123f-7a9e-02d069b81a19 : SSL certificate problem: unable to get local issuer certificate
Synced UUID 3b8034e5-7c5f-123f-7a9e-02d069b81a19
Recording FAILED f0ef4985-7c40-123f-799e-02d069b81a19 : SSL certificate problem: unable to get local issuer certificate
Synced UUID f0ef4985-7c40-123f-799e-02d069b81a19
Recording FAILED 2942525c-7c40-123f-799e-02d069b81a19 : SSL certificate problem: unable to get local issuer certificate
Synced UUID 2942525c-7c40-123f-799e-02d069b81a19
Synced UUID 6b2b8bc8-7c3f-123f-799e-02d069b81a19
Synced UUID 440f99ff-7c3f-123f-799e-02d069b81a19
Synced UUID 82efa1e8-7c3e-123f-799e-02d069b81a19
Synced UUID 314bd62a-7c3d-123f-799e-02d069b81a19
Synced UUID 6406e143-7c3b-123f-799e-02d069b81a19
Synced UUID 8b36fd34-7c3a-123f-799e-02d069b81a19
Synced UUID 78eadba5-7c36-123f-799e-02d069b81a19
Synced UUID 17d3504b-7c36-123f-799e-02d069b81a19
Synced UUID ad1eea7c-7c34-123f-799e-02d069b81a19
Synced UUID 99a35b94-7c32-123f-799e-02d069b81a19
Synced UUID c4dcb61e-7bcd-123f-f5ab-02d069b81a19
Synced UUID 67f95b23-7bc0-123f-f5ab-02d069b81a19
Synced UUID 668b3fed-7b9e-123f-f5ab-02d069b81a19
Synced UUID 2e34abbc-7b9e-123f-f5ab-02d069b81a19
Synced UUID e126054b-7b9b-123f-f5ab-02d069b81a19
Synced UUID f68461a2-7b9a-123f-f5ab-02d069b81a19
Synced UUID 8c0c252a-7b99-123f-f5ab-02d069b81a19
Synced UUID 001eaee7-7b8c-123f-f5ab-02d069b81a19
Synced UUID 9cc56470-7b82-123f-f5ab-02d069b81a19
Synced UUID 71b0afb3-7b81-123f-f5ab-02d069b81a19
Synced UUID 4be2eecd-7b78-123f-f5ab-02d069b81a19
Synced UUID f5888ce0-7b6c-123f-f5ab-02d069b81a19
Synced UUID 3a08a2cf-7b6c-123f-f5ab-02d069b81a19
Synced UUID edfa9c7d-7b66-123f-f5ab-02d069b81a19
Synced UUID c870958e-7af2-123f-87a4-02d069b81a19
Synced UUID 6bdaa084-7af2-123f-87a4-02d069b81a19
2026-02-06 17:52:08 sync started
Recording downloaded: a498df65-7df4-123f-c593-02d069b81a19.wav
Synced UUID a498df65-7df4-123f-c593-02d069b81a19
Recording downloaded: 692b1da9-7df4-123f-c593-02d069b81a19.wav
Synced UUID 692b1da9-7df4-123f-c593-02d069b81a19
Recording downloaded: b60ba0d0-7de3-123f-c593-02d069b81a19.wav
Synced UUID b60ba0d0-7de3-123f-c593-02d069b81a19
Recording downloaded: 9c50cc0e-7d2c-123f-a7b7-02d069b81a19.wav
Synced UUID 9c50cc0e-7d2c-123f-a7b7-02d069b81a19
Recording downloaded: ec2ef412-7d2b-123f-a7b7-02d069b81a19.wav
Synced UUID ec2ef412-7d2b-123f-a7b7-02d069b81a19
Synced UUID woU6PsF7iDKMHxLvEMWfbPzVkwF
Recording downloaded: 1b9cc4f1-7d27-123f-a6b7-02d069b81a19.wav
Synced UUID 1b9cc4f1-7d27-123f-a6b7-02d069b81a19
Recording downloaded: 15bc8ee2-7d27-123f-a6b7-02d069b81a19.wav
Synced UUID 15bc8ee2-7d27-123f-a6b7-02d069b81a19
Recording downloaded: b3a50fb5-7d25-123f-a6b7-02d069b81a19.wav
Synced UUID b3a50fb5-7d25-123f-a6b7-02d069b81a19
Synced UUID dPJVaHkfxicap7HevyXcpM5gjLJ
Recording downloaded: 71d64d24-7d1c-123f-a6b7-02d069b81a19.wav
Synced UUID 71d64d24-7d1c-123f-a6b7-02d069b81a19
Recording downloaded: 14d4147b-7d02-123f-a6b7-02d069b81a19.wav
Synced UUID 14d4147b-7d02-123f-a6b7-02d069b81a19
Synced UUID cc7a2870-7cfc-123f-a6b7-02d069b81a19
Synced UUID 1277b079-7cfc-123f-a6b7-02d069b81a19
Synced UUID 2e31ee30-7c92-123f-7a9e-02d069b81a19
Synced UUID 1b7c5ce2-7c91-123f-7a9e-02d069b81a19
Synced UUID 750a55ff-7c60-123f-7a9e-02d069b81a19
Synced UUID 3b8034e5-7c5f-123f-7a9e-02d069b81a19
Synced UUID f0ef4985-7c40-123f-799e-02d069b81a19
Synced UUID 2942525c-7c40-123f-799e-02d069b81a19
Synced UUID 6b2b8bc8-7c3f-123f-799e-02d069b81a19
Synced UUID 440f99ff-7c3f-123f-799e-02d069b81a19
Synced UUID 82efa1e8-7c3e-123f-799e-02d069b81a19
Synced UUID 314bd62a-7c3d-123f-799e-02d069b81a19
Synced UUID 6406e143-7c3b-123f-799e-02d069b81a19
Synced UUID 8b36fd34-7c3a-123f-799e-02d069b81a19
Synced UUID 78eadba5-7c36-123f-799e-02d069b81a19
Synced UUID 17d3504b-7c36-123f-799e-02d069b81a19
Synced UUID ad1eea7c-7c34-123f-799e-02d069b81a19
Synced UUID 99a35b94-7c32-123f-799e-02d069b81a19
Synced UUID c4dcb61e-7bcd-123f-f5ab-02d069b81a19
Synced UUID 67f95b23-7bc0-123f-f5ab-02d069b81a19
Synced UUID 668b3fed-7b9e-123f-f5ab-02d069b81a19
Synced UUID 2e34abbc-7b9e-123f-f5ab-02d069b81a19
Synced UUID e126054b-7b9b-123f-f5ab-02d069b81a19
Synced UUID f68461a2-7b9a-123f-f5ab-02d069b81a19
Synced UUID 8c0c252a-7b99-123f-f5ab-02d069b81a19
2026-02-07 10:50:27 sync started
Synced UUID a498df65-7df4-123f-c593-02d069b81a19
Synced UUID 692b1da9-7df4-123f-c593-02d069b81a19
Synced UUID b60ba0d0-7de3-123f-c593-02d069b81a19
Synced UUID 9c50cc0e-7d2c-123f-a7b7-02d069b81a19
Synced UUID ec2ef412-7d2b-123f-a7b7-02d069b81a19
Synced UUID woU6PsF7iDKMHxLvEMWfbPzVkwF
Synced UUID 1b9cc4f1-7d27-123f-a6b7-02d069b81a19
Synced UUID 15bc8ee2-7d27-123f-a6b7-02d069b81a19
Synced UUID b3a50fb5-7d25-123f-a6b7-02d069b81a19
Synced UUID dPJVaHkfxicap7HevyXcpM5gjLJ
Synced UUID 71d64d24-7d1c-123f-a6b7-02d069b81a19
Synced UUID 14d4147b-7d02-123f-a6b7-02d069b81a19
Synced UUID cc7a2870-7cfc-123f-a6b7-02d069b81a19
Synced UUID 1277b079-7cfc-123f-a6b7-02d069b81a19
Synced UUID 2e31ee30-7c92-123f-7a9e-02d069b81a19
Synced UUID 1b7c5ce2-7c91-123f-7a9e-02d069b81a19
Synced UUID 750a55ff-7c60-123f-7a9e-02d069b81a19
Synced UUID 3b8034e5-7c5f-123f-7a9e-02d069b81a19
Synced UUID f0ef4985-7c40-123f-799e-02d069b81a19
Synced UUID 2942525c-7c40-123f-799e-02d069b81a19
Synced UUID 6b2b8bc8-7c3f-123f-799e-02d069b81a19
Synced UUID 440f99ff-7c3f-123f-799e-02d069b81a19
Synced UUID 82efa1e8-7c3e-123f-799e-02d069b81a19
Synced UUID 314bd62a-7c3d-123f-799e-02d069b81a19
Synced UUID 6406e143-7c3b-123f-799e-02d069b81a19
Synced UUID 8b36fd34-7c3a-123f-799e-02d069b81a19
Synced UUID 78eadba5-7c36-123f-799e-02d069b81a19
Synced UUID 17d3504b-7c36-123f-799e-02d069b81a19
Synced UUID ad1eea7c-7c34-123f-799e-02d069b81a19
Synced UUID 99a35b94-7c32-123f-799e-02d069b81a19
Synced UUID c4dcb61e-7bcd-123f-f5ab-02d069b81a19
Synced UUID 67f95b23-7bc0-123f-f5ab-02d069b81a19
Synced UUID 668b3fed-7b9e-123f-f5ab-02d069b81a19
Synced UUID 2e34abbc-7b9e-123f-f5ab-02d069b81a19
Synced UUID e126054b-7b9b-123f-f5ab-02d069b81a19
Synced UUID f68461a2-7b9a-123f-f5ab-02d069b81a19
Synced UUID 8c0c252a-7b99-123f-f5ab-02d069b81a19
2026-02-07 10:52:16 sync started
Recording downloaded: a498df65-7df4-123f-c593-02d069b81a19.wav
Synced UUID a498df65-7df4-123f-c593-02d069b81a19
Recording downloaded: 692b1da9-7df4-123f-c593-02d069b81a19.wav
Synced UUID 692b1da9-7df4-123f-c593-02d069b81a19
Recording downloaded: b60ba0d0-7de3-123f-c593-02d069b81a19.wav
Synced UUID b60ba0d0-7de3-123f-c593-02d069b81a19
Recording downloaded: 9c50cc0e-7d2c-123f-a7b7-02d069b81a19.wav
Synced UUID 9c50cc0e-7d2c-123f-a7b7-02d069b81a19
Recording downloaded: ec2ef412-7d2b-123f-a7b7-02d069b81a19.wav
Synced UUID ec2ef412-7d2b-123f-a7b7-02d069b81a19
Synced UUID woU6PsF7iDKMHxLvEMWfbPzVkwF
Recording downloaded: 1b9cc4f1-7d27-123f-a6b7-02d069b81a19.wav
Synced UUID 1b9cc4f1-7d27-123f-a6b7-02d069b81a19
Recording downloaded: 15bc8ee2-7d27-123f-a6b7-02d069b81a19.wav
Synced UUID 15bc8ee2-7d27-123f-a6b7-02d069b81a19
Recording downloaded: b3a50fb5-7d25-123f-a6b7-02d069b81a19.wav
Synced UUID b3a50fb5-7d25-123f-a6b7-02d069b81a19
Synced UUID dPJVaHkfxicap7HevyXcpM5gjLJ
Recording downloaded: 71d64d24-7d1c-123f-a6b7-02d069b81a19.wav
Synced UUID 71d64d24-7d1c-123f-a6b7-02d069b81a19
Recording downloaded: 14d4147b-7d02-123f-a6b7-02d069b81a19.wav
Synced UUID 14d4147b-7d02-123f-a6b7-02d069b81a19
Synced UUID cc7a2870-7cfc-123f-a6b7-02d069b81a19
Synced UUID 1277b079-7cfc-123f-a6b7-02d069b81a19
Synced UUID 2e31ee30-7c92-123f-7a9e-02d069b81a19
Synced UUID 1b7c5ce2-7c91-123f-7a9e-02d069b81a19
Synced UUID 750a55ff-7c60-123f-7a9e-02d069b81a19
Synced UUID 3b8034e5-7c5f-123f-7a9e-02d069b81a19
Synced UUID f0ef4985-7c40-123f-799e-02d069b81a19
Synced UUID 2942525c-7c40-123f-799e-02d069b81a19
Synced UUID 6b2b8bc8-7c3f-123f-799e-02d069b81a19
Synced UUID 440f99ff-7c3f-123f-799e-02d069b81a19
Synced UUID 82efa1e8-7c3e-123f-799e-02d069b81a19
Synced UUID 314bd62a-7c3d-123f-799e-02d069b81a19
Synced UUID 6406e143-7c3b-123f-799e-02d069b81a19
Synced UUID 8b36fd34-7c3a-123f-799e-02d069b81a19
Synced UUID 78eadba5-7c36-123f-799e-02d069b81a19
Synced UUID 17d3504b-7c36-123f-799e-02d069b81a19
Synced UUID ad1eea7c-7c34-123f-799e-02d069b81a19
Synced UUID 99a35b94-7c32-123f-799e-02d069b81a19
Synced UUID c4dcb61e-7bcd-123f-f5ab-02d069b81a19
Synced UUID 67f95b23-7bc0-123f-f5ab-02d069b81a19
Synced UUID 668b3fed-7b9e-123f-f5ab-02d069b81a19
Synced UUID 2e34abbc-7b9e-123f-f5ab-02d069b81a19
Synced UUID e126054b-7b9b-123f-f5ab-02d069b81a19
Synced UUID f68461a2-7b9a-123f-f5ab-02d069b81a19
Synced UUID 8c0c252a-7b99-123f-f5ab-02d069b81a19
2026-02-07 11:46:46 sync started
Recording FAILED a498df65-7df4-123f-c593-02d069b81a19 : File write failed
Synced UUID a498df65-7df4-123f-c593-02d069b81a19
Recording FAILED 692b1da9-7df4-123f-c593-02d069b81a19 : File write failed
Synced UUID 692b1da9-7df4-123f-c593-02d069b81a19
Recording FAILED b60ba0d0-7de3-123f-c593-02d069b81a19 : File write failed
Synced UUID b60ba0d0-7de3-123f-c593-02d069b81a19
Recording FAILED 9c50cc0e-7d2c-123f-a7b7-02d069b81a19 : File write failed
Synced UUID 9c50cc0e-7d2c-123f-a7b7-02d069b81a19
Recording FAILED ec2ef412-7d2b-123f-a7b7-02d069b81a19 : File write failed
Synced UUID ec2ef412-7d2b-123f-a7b7-02d069b81a19
Synced UUID woU6PsF7iDKMHxLvEMWfbPzVkwF
Recording FAILED 1b9cc4f1-7d27-123f-a6b7-02d069b81a19 : File write failed
Synced UUID 1b9cc4f1-7d27-123f-a6b7-02d069b81a19
Recording FAILED 15bc8ee2-7d27-123f-a6b7-02d069b81a19 : File write failed
Synced UUID 15bc8ee2-7d27-123f-a6b7-02d069b81a19
Recording FAILED b3a50fb5-7d25-123f-a6b7-02d069b81a19 : File write failed
Synced UUID b3a50fb5-7d25-123f-a6b7-02d069b81a19
Synced UUID dPJVaHkfxicap7HevyXcpM5gjLJ
Recording FAILED 71d64d24-7d1c-123f-a6b7-02d069b81a19 : File write failed
Synced UUID 71d64d24-7d1c-123f-a6b7-02d069b81a19
Recording FAILED 14d4147b-7d02-123f-a6b7-02d069b81a19 : File write failed
Synced UUID 14d4147b-7d02-123f-a6b7-02d069b81a19
Synced UUID cc7a2870-7cfc-123f-a6b7-02d069b81a19
Synced UUID 1277b079-7cfc-123f-a6b7-02d069b81a19
Synced UUID 2e31ee30-7c92-123f-7a9e-02d069b81a19
Synced UUID 1b7c5ce2-7c91-123f-7a9e-02d069b81a19
Synced UUID 750a55ff-7c60-123f-7a9e-02d069b81a19
Synced UUID 3b8034e5-7c5f-123f-7a9e-02d069b81a19
Synced UUID f0ef4985-7c40-123f-799e-02d069b81a19
Synced UUID 2942525c-7c40-123f-799e-02d069b81a19
Synced UUID 6b2b8bc8-7c3f-123f-799e-02d069b81a19
Synced UUID 440f99ff-7c3f-123f-799e-02d069b81a19
Synced UUID 82efa1e8-7c3e-123f-799e-02d069b81a19
Synced UUID 314bd62a-7c3d-123f-799e-02d069b81a19
Synced UUID 6406e143-7c3b-123f-799e-02d069b81a19
Synced UUID 8b36fd34-7c3a-123f-799e-02d069b81a19
Synced UUID 78eadba5-7c36-123f-799e-02d069b81a19
Synced UUID 17d3504b-7c36-123f-799e-02d069b81a19
Synced UUID ad1eea7c-7c34-123f-799e-02d069b81a19
Synced UUID 99a35b94-7c32-123f-799e-02d069b81a19
Synced UUID c4dcb61e-7bcd-123f-f5ab-02d069b81a19
Synced UUID 67f95b23-7bc0-123f-f5ab-02d069b81a19
Synced UUID 668b3fed-7b9e-123f-f5ab-02d069b81a19
Synced UUID 2e34abbc-7b9e-123f-f5ab-02d069b81a19
Synced UUID e126054b-7b9b-123f-f5ab-02d069b81a19
Synced UUID f68461a2-7b9a-123f-f5ab-02d069b81a19
Synced UUID 8c0c252a-7b99-123f-f5ab-02d069b81a19
2026-02-07 12:00:02 sync started
Recording downloaded: a498df65-7df4-123f-c593-02d069b81a19.wav
Synced UUID a498df65-7df4-123f-c593-02d069b81a19
Recording downloaded: 692b1da9-7df4-123f-c593-02d069b81a19.wav
Synced UUID 692b1da9-7df4-123f-c593-02d069b81a19
Recording downloaded: b60ba0d0-7de3-123f-c593-02d069b81a19.wav
Synced UUID b60ba0d0-7de3-123f-c593-02d069b81a19
Recording downloaded: 9c50cc0e-7d2c-123f-a7b7-02d069b81a19.wav
Synced UUID 9c50cc0e-7d2c-123f-a7b7-02d069b81a19
Recording downloaded: ec2ef412-7d2b-123f-a7b7-02d069b81a19.wav
Synced UUID ec2ef412-7d2b-123f-a7b7-02d069b81a19
Synced UUID woU6PsF7iDKMHxLvEMWfbPzVkwF
Recording downloaded: 1b9cc4f1-7d27-123f-a6b7-02d069b81a19.wav
Synced UUID 1b9cc4f1-7d27-123f-a6b7-02d069b81a19
Recording downloaded: 15bc8ee2-7d27-123f-a6b7-02d069b81a19.wav
Synced UUID 15bc8ee2-7d27-123f-a6b7-02d069b81a19
Recording downloaded: b3a50fb5-7d25-123f-a6b7-02d069b81a19.wav
Synced UUID b3a50fb5-7d25-123f-a6b7-02d069b81a19
Synced UUID dPJVaHkfxicap7HevyXcpM5gjLJ
Recording downloaded: 71d64d24-7d1c-123f-a6b7-02d069b81a19.wav
Synced UUID 71d64d24-7d1c-123f-a6b7-02d069b81a19
Recording downloaded: 14d4147b-7d02-123f-a6b7-02d069b81a19.wav
Synced UUID 14d4147b-7d02-123f-a6b7-02d069b81a19
Synced UUID cc7a2870-7cfc-123f-a6b7-02d069b81a19
Synced UUID 1277b079-7cfc-123f-a6b7-02d069b81a19
Synced UUID 2e31ee30-7c92-123f-7a9e-02d069b81a19
Synced UUID 1b7c5ce2-7c91-123f-7a9e-02d069b81a19
Synced UUID 750a55ff-7c60-123f-7a9e-02d069b81a19
Synced UUID 3b8034e5-7c5f-123f-7a9e-02d069b81a19
Synced UUID f0ef4985-7c40-123f-799e-02d069b81a19
Synced UUID 2942525c-7c40-123f-799e-02d069b81a19
Synced UUID 6b2b8bc8-7c3f-123f-799e-02d069b81a19
Synced UUID 440f99ff-7c3f-123f-799e-02d069b81a19
Synced UUID 82efa1e8-7c3e-123f-799e-02d069b81a19
Synced UUID 314bd62a-7c3d-123f-799e-02d069b81a19
Synced UUID 6406e143-7c3b-123f-799e-02d069b81a19
Synced UUID 8b36fd34-7c3a-123f-799e-02d069b81a19
Synced UUID 78eadba5-7c36-123f-799e-02d069b81a19
Synced UUID 17d3504b-7c36-123f-799e-02d069b81a19
Synced UUID ad1eea7c-7c34-123f-799e-02d069b81a19
Synced UUID 99a35b94-7c32-123f-799e-02d069b81a19
Synced UUID c4dcb61e-7bcd-123f-f5ab-02d069b81a19
Synced UUID 67f95b23-7bc0-123f-f5ab-02d069b81a19
Synced UUID 668b3fed-7b9e-123f-f5ab-02d069b81a19
Synced UUID 2e34abbc-7b9e-123f-f5ab-02d069b81a19
Synced UUID e126054b-7b9b-123f-f5ab-02d069b81a19
Synced UUID f68461a2-7b9a-123f-f5ab-02d069b81a19
Synced UUID 8c0c252a-7b99-123f-f5ab-02d069b81a19
